[12Jul2025 00:01:51.544] [Server thread/INFO] [net.minecraft.server.MinecraftServer/]: [pablito: Teleported pablito to Kira_R]
[12Jul2025 00:01:52.956] [Server thread/WARN] [net.minecraft.server.MinecraftServer/]: Can't keep up! Is the server overloaded? Running 2001ms or 40 ticks behind
[12Jul2025 00:02:31.893] [Server thread/INFO] [net.minecraft.server.MinecraftServer/]: [pablito: Teleported Chantikook to pablito]
[12Jul2025 00:04:02.100] [Server thread/INFO] [net.minecraft.server.MinecraftServer/]: [pablito: Teleported pablito to Kira_R]
[12Jul2025 00:04:07.685] [Server thread/INFO] [net.minecraft.server.MinecraftServer/]: Kira_R was shot by Skeleton
[12Jul2025 00:04:07.694] [Server thread/INFO] [tombstone/]: The player Kira_R has successfully been saved
[12Jul2025 00:04:14.261] [Server thread/INFO] [net.minecraft.server.MinecraftServer/]: [pablito: Teleported pablito to Kira_R]
[12Jul2025 00:04:31.101] [Server thread/INFO] [net.minecraft.server.MinecraftServer/]: [pablito: Set own game mode to Creative Mode]
[12Jul2025 00:04:39.099] [Server thread/INFO] [net.minecraft.server.MinecraftServer/]: [pablito: Set own game mode to Survival Mode]
[12Jul2025 00:05:05.598] [Server thread/INFO] [net.minecraft.server.MinecraftServer/]: [funado69: Teleported Kira_R to funado69]
[12Jul2025 00:05:11.572] [Server thread/INFO] [net.minecraft.server.MinecraftServer/]: [pablito: Teleported pablito to Kira_R]
[12Jul2025 00:05:26.385] [Server thread/WARN] [net.minecraft.server.network.ServerGamePacketListenerImpl/]: Kira_R was kicked for floating too long!
[12Jul2025 00:05:26.435] [Server thread/INFO] [net.minecraft.server.network.ServerGamePacketListenerImpl/]: Kira_R lost connection: Flying is not enabled on this server
[12Jul2025 00:05:26.435] [Server thread/INFO] [net.minecraft.server.MinecraftServer/]: Kira_R left the game
[12Jul2025 00:05:26.435] [Server thread/INFO] [voicechat/]: [voicechat] Disconnecting client Kira_R
[12Jul2025 00:05:34.545] [Server thread/INFO] [net.minecraft.server.MinecraftServer/]: [pablito: Teleported pablito to funado69]
[12Jul2025 00:05:47.543] [Server thread/INFO] [net.minecraft.server.players.PlayerList/]: Kira_R[/127.244.210.29:46925] logged in with entity id 57929 at (802.1057750545932, 81.28549238931866, -422.11567786576273)
[12Jul2025 00:05:47.554] [Server thread/INFO] [net.minecraft.server.MinecraftServer/]: Kira_R joined the game
[12Jul2025 00:05:47.604] [Server thread/INFO] [Jade/]: Syncing config to Kira_R (a1e322ba-8287-3004-af9f-a79b19c392c6)
[12Jul2025 00:05:47.815] [Server thread/INFO] [voicechat/]: [voicechat] Received secret request of Kira_R (18)
[12Jul2025 00:05:47.815] [Server thread/INFO] [voicechat/]: [voicechat] Sent secret to Kira_R
[12Jul2025 00:05:55.534] [VoiceChatPacketProcessingThread/INFO] [voicechat/]: [voicechat] Successfully authenticated player a1e322ba-8287-3004-af9f-a79b19c392c6
[12Jul2025 00:05:56.532] [VoiceChatPacketProcessingThread/INFO] [voicechat/]: [voicechat] Successfully validated connection of player a1e322ba-8287-3004-af9f-a79b19c392c6
[12Jul2025 00:05:56.533] [VoiceChatPacketProcessingThread/INFO] [voicechat/]: [voicechat] Player Kira_R (a1e322ba-8287-3004-af9f-a79b19c392c6) successfully connected to voice chat
[12Jul2025 00:06:36.188] [Server thread/INFO] [net.minecraft.server.MinecraftServer/]: [pablito: Teleported Kira_R to pablito]
[12Jul2025 00:07:14.345] [Server thread/INFO] [net.minecraft.server.MinecraftServer/]: [Not Secure] <Kira_R> y la tumba ptm
[12Jul2025 00:07:56.354] [Server thread/INFO] [net.minecraft.server.MinecraftServer/]: [Not Secure] <Kira_R> tremendo
[12Jul2025 00:07:59.237] [Server thread/INFO] [net.minecraft.server.MinecraftServer/]: [funado69: Set own game mode to Creative Mode]
[12Jul2025 00:08:06.050] [Server thread/INFO] [net.minecraft.server.MinecraftServer/]: [pablito: Teleported Kira_R to pablito]
[12Jul2025 00:08:06.448] [Server thread/INFO] [net.minecraft.server.MinecraftServer/]: [Not Secure] <Kira_R> y mis cosas?
[12Jul2025 00:08:33.245] [Server thread/INFO] [net.minecraft.server.MinecraftServer/]: [Not Secure] <Kira_R> me re exploto los baldes rojos de la mina xd
[12Jul2025 00:09:13.590] [Server thread/INFO] [net.minecraft.server.MinecraftServer/]: [Not Secure] <Kira_R> ya volvi
[12Jul2025 00:09:39.502] [Server thread/INFO] [net.minecraft.server.MinecraftServer/]: [Not Secure] <Kira_R> perenme
[12Jul2025 00:11:11.492] [Server thread/INFO] [net.minecraft.server.MinecraftServer/]: [pablito: Set own game mode to Creative Mode]
[12Jul2025 00:11:22.335] [Server thread/INFO] [net.minecraft.server.MinecraftServer/]: [pablito: Teleported Chantikook to pablito]
[12Jul2025 00:11:52.189] [Server thread/INFO] [net.minecraft.server.network.ServerGamePacketListenerImpl/]: Kira_R lost connection: Disconnected
[12Jul2025 00:11:52.189] [Server thread/INFO] [net.minecraft.server.MinecraftServer/]: Kira_R left the game
[12Jul2025 00:11:52.189] [Server thread/INFO] [voicechat/]: [voicechat] Disconnecting client Kira_R
[12Jul2025 00:14:30.332] [Server thread/INFO] [net.minecraft.server.MinecraftServer/]: [pablito: Teleported Chantikook to pablito]
[12Jul2025 00:16:21.899] [Server thread/INFO] [net.minecraft.server.MinecraftServer/]: [funado69: Teleported funado69 to Chantikook]
[12Jul2025 00:17:11.112] [Server thread/INFO] [net.minecraft.server.players.PlayerList/]: lucyyxd[/127.209.237.17:36497] logged in with entity id 61132 at (856.150941330417, 76.0, -652.9787269965417)
[12Jul2025 00:17:11.124] [Server thread/INFO] [net.minecraft.server.MinecraftServer/]: lucyyxd joined the game
[12Jul2025 00:17:11.197] [Server thread/INFO] [Jade/]: Syncing config to lucyyxd (a40c50c1-88ca-3a3e-9120-b3faba79f2ce)
[12Jul2025 00:17:17.434] [Server thread/INFO] [voicechat/]: [voicechat] Received secret request of lucyyxd (18)
[12Jul2025 00:17:17.435] [Server thread/INFO] [voicechat/]: [voicechat] Sent secret to lucyyxd
[12Jul2025 00:17:29.799] [VoiceChatPacketProcessingThread/INFO] [voicechat/]: [voicechat] Successfully authenticated player a40c50c1-88ca-3a3e-9120-b3faba79f2ce
[12Jul2025 00:17:33.061] [VoiceChatPacketProcessingThread/INFO] [voicechat/]: [voicechat] Successfully validated connection of player a40c50c1-88ca-3a3e-9120-b3faba79f2ce
[12Jul2025 00:17:33.061] [VoiceChatPacketProcessingThread/INFO] [voicechat/]: [voicechat] Player lucyyxd (a40c50c1-88ca-3a3e-9120-b3faba79f2ce) successfully connected to voice chat
[12Jul2025 00:19:38.291] [Server thread/INFO] [net.minecraft.server.MinecraftServer/]: [funado69: Set Chantikook's game mode to Creative Mode]
[12Jul2025 00:21:18.750] [Server thread/INFO] [net.minecraft.server.MinecraftServer/]: [pablito: Teleported pablito to Chantikook]
[12Jul2025 00:23:59.837] [Server thread/INFO] [net.minecraft.server.MinecraftServer/]: [pablito: Set the time to 1000]
[12Jul2025 00:24:05.803] [Server thread/INFO] [net.minecraft.server.MinecraftServer/]: [Not Secure] <lucyyxd> >:c dónde está mi super traje
[12Jul2025 00:24:29.529] [Server thread/INFO] [net.minecraft.server.MinecraftServer/]: [Not Secure] <Chantikook> lucy entra al discord
[12Jul2025 00:29:12.423] [Server thread/INFO] [net.minecraft.server.network.ServerGamePacketListenerImpl/]: lucyyxd lost connection: Timed out
[12Jul2025 00:29:12.423] [Server thread/INFO] [net.minecraft.server.MinecraftServer/]: lucyyxd left the game
[12Jul2025 00:29:12.424] [Server thread/INFO] [voicechat/]: [voicechat] Disconnecting client lucyyxd
[12Jul2025 00:30:10.182] [Server thread/INFO] [net.minecraft.server.players.PlayerList/]: lucyyxd[/127.209.237.17:52863] logged in with entity id 62715 at (857.432651316818, 76.0, -653.6536204721975)
[12Jul2025 00:30:10.193] [Server thread/INFO] [net.minecraft.server.MinecraftServer/]: lucyyxd joined the game
[12Jul2025 00:30:10.249] [Server thread/INFO] [Jade/]: Syncing config to lucyyxd (a40c50c1-88ca-3a3e-9120-b3faba79f2ce)
[12Jul2025 00:30:10.628] [Server thread/INFO] [voicechat/]: [voicechat] Received secret request of lucyyxd (18)
[12Jul2025 00:30:10.628] [Server thread/INFO] [voicechat/]: [voicechat] Sent secret to lucyyxd
[12Jul2025 00:30:29.613] [VoiceChatPacketProcessingThread/INFO] [voicechat/]: [voicechat] Successfully authenticated player a40c50c1-88ca-3a3e-9120-b3faba79f2ce
[12Jul2025 00:30:30.619] [VoiceChatPacketProcessingThread/INFO] [voicechat/]: [voicechat] Successfully validated connection of player a40c50c1-88ca-3a3e-9120-b3faba79f2ce
[12Jul2025 00:30:30.620] [VoiceChatPacketProcessingThread/INFO] [voicechat/]: [voicechat] Player lucyyxd (a40c50c1-88ca-3a3e-9120-b3faba79f2ce) successfully connected to voice chat
[12Jul2025 00:31:55.416] [Server thread/INFO] [net.minecraft.server.network.ServerGamePacketListenerImpl/]: lucyyxd lost connection: Timed out
[12Jul2025 00:31:55.416] [Server thread/INFO] [net.minecraft.server.MinecraftServer/]: lucyyxd left the game
[12Jul2025 00:31:55.417] [Server thread/INFO] [voicechat/]: [voicechat] Disconnecting client lucyyxd
[12Jul2025 00:31:59.488] [Server thread/INFO] [net.minecraft.server.players.PlayerList/]: Kira_R[/127.244.210.29:55739] logged in with entity id 62909 at (790.774905944287, 70.0, -465.4882271351968)
[12Jul2025 00:31:59.499] [Server thread/INFO] [net.minecraft.server.MinecraftServer/]: Kira_R joined the game
[12Jul2025 00:31:59.546] [Server thread/INFO] [Jade/]: Syncing config to Kira_R (a1e322ba-8287-3004-af9f-a79b19c392c6)
[12Jul2025 00:32:01.373] [Server thread/INFO] [voicechat/]: [voicechat] Received secret request of Kira_R (18)
[12Jul2025 00:32:01.374] [Server thread/INFO] [voicechat/]: [voicechat] Sent secret to Kira_R
[12Jul2025 00:32:09.338] [VoiceChatPacketProcessingThread/INFO] [voicechat/]: [voicechat] Successfully authenticated player a1e322ba-8287-3004-af9f-a79b19c392c6
